20:12:33 INFO  : Registering command handlers for SDK TCF services
20:12:34 INFO  : Launching XSCT server: xsct.bat -interactive C:\Users\Jerome\Desktop\Programming_Learning\FPGA\SoC\Projects\uBlaze_N4\Hello_World\uBlaze_N4\uBlaze_N4.sdk\temp_xsdb_launch_script.tcl
20:12:38 INFO  : XSCT server has started successfully.
20:12:40 INFO  : Successfully done setting XSCT server connection channel  
20:12:40 INFO  : Processing command line option -hwspec C:/Users/Jerome/Desktop/Programming_Learning/FPGA/SoC/Projects/uBlaze_N4/Hello_World/uBlaze_N4/uBlaze_N4.sdk/uBlaze_wrapper.hdf.
20:12:40 INFO  : Successfully done setting SDK workspace  
20:22:52 INFO  : Connected to target on host '127.0.0.1' and port '3121'.
20:22:54 INFO  : 'targets -set -filter {jtag_cable_name =~ "Digilent Nexys4DDR 210292742297A" && level==0} -index 0' command is executed.
20:22:56 INFO  : FPGA configured successfully with bitstream "C:/Users/Jerome/Desktop/Programming_Learning/FPGA/SoC/Projects/uBlaze_N4/Hello_World/uBlaze_N4/uBlaze_N4.sdk/uBlaze_wrapper_hw_platform_0/download.bit"
20:23:13 INFO  : 'targets -set -filter {jtag_cable_name =~ "Digilent Nexys4DDR 210292742297A" && level==0} -index 0' command is executed.
20:23:13 INFO  : 'fpga -state' command is executed.
20:23:13 INFO  : Connected to target on host '127.0.0.1' and port '3121'.
20:23:14 INFO  : Jtag cable 'Digilent Nexys4DDR 210292742297A' is selected.
20:23:14 INFO  : 'jtag frequency' command is executed.
20:23:14 INFO  : 'configparams mdm-detect-bscan-mask 2' command is executed.
20:23:14 INFO  : Context for processor 'microblaze_0' is selected.
20:23:14 ERROR : Cannot stop MicroBlaze. MicroBlaze is held in reset
20:23:14 INFO  : ----------------XSDB Script----------------
connect -url tcp:127.0.0.1:3121
configparams mdm-detect-bscan-mask 2
targets -set -nocase -filter {name =~ "microblaze*#0" && bscan=="USER2"  && jtag_cable_name =~ "Digilent Nexys4DDR 210292742297A"} -index 0
rst -processor
----------------End of Script----------------

20:24:20 INFO  : 'targets -set -filter {jtag_cable_name =~ "Digilent Nexys4DDR 210292742297A" && level==0} -index 0' command is executed.
20:24:20 INFO  : 'fpga -state' command is executed.
20:24:20 INFO  : Connected to target on host '127.0.0.1' and port '3121'.
20:24:21 INFO  : Jtag cable 'Digilent Nexys4DDR 210292742297A' is selected.
20:24:21 INFO  : 'jtag frequency' command is executed.
20:24:21 INFO  : 'configparams mdm-detect-bscan-mask 2' command is executed.
20:24:24 ERROR : no targets found with "name =~ "microblaze*#0" && bscan=="USER2"  && jtag_cable_name =~ "Digilent Nexys4DDR 210292742297A"". available targets:
  1* xc7a100t
20:24:24 INFO  : ----------------XSDB Script----------------
connect -url tcp:127.0.0.1:3121
configparams mdm-detect-bscan-mask 2
targets -set -nocase -filter {name =~ "microblaze*#0" && bscan=="USER2"  && jtag_cable_name =~ "Digilent Nexys4DDR 210292742297A"} -index 0
----------------End of Script----------------

20:24:42 INFO  : Connected to target on host '127.0.0.1' and port '3121'.
20:24:42 INFO  : 'targets -set -filter {jtag_cable_name =~ "Digilent Nexys4DDR 210292742297A" && level==0} -index 0' command is executed.
20:24:45 INFO  : FPGA configured successfully with bitstream "C:/Users/Jerome/Desktop/Programming_Learning/FPGA/SoC/Projects/uBlaze_N4/Hello_World/uBlaze_N4/uBlaze_N4.sdk/uBlaze_wrapper_hw_platform_0/download.bit"
20:24:52 INFO  : 'targets -set -filter {jtag_cable_name =~ "Digilent Nexys4DDR 210292742297A" && level==0} -index 0' command is executed.
20:24:52 INFO  : 'fpga -state' command is executed.
20:24:52 INFO  : Connected to target on host '127.0.0.1' and port '3121'.
20:24:52 INFO  : Jtag cable 'Digilent Nexys4DDR 210292742297A' is selected.
20:24:52 INFO  : 'jtag frequency' command is executed.
20:24:52 INFO  : 'configparams mdm-detect-bscan-mask 2' command is executed.
20:24:52 INFO  : Context for processor 'microblaze_0' is selected.
20:24:52 ERROR : Cannot stop MicroBlaze. MicroBlaze is held in reset
20:24:52 INFO  : ----------------XSDB Script----------------
connect -url tcp:127.0.0.1:3121
configparams mdm-detect-bscan-mask 2
targets -set -nocase -filter {name =~ "microblaze*#0" && bscan=="USER2"  && jtag_cable_name =~ "Digilent Nexys4DDR 210292742297A"} -index 0
rst -processor
----------------End of Script----------------

20:30:57 INFO  : SDK has detected change in the last modified timestamps for source hardware specification file Source:1539459028798,  Project:1539457561804
20:30:57 INFO  : Project uBlaze_wrapper_hw_platform_0's source hardware specification located at C:/Users/Jerome/Desktop/Programming_Learning/FPGA/SoC/Projects/uBlaze_N4/Hello_World/uBlaze_N4/uBlaze_N4.sdk/uBlaze_wrapper.hdf is now different from the local copy.
		 The local copy will be replaced with the source specification and your workspace will be updated.
20:30:58 INFO  : Copied contents of C:/Users/Jerome/Desktop/Programming_Learning/FPGA/SoC/Projects/uBlaze_N4/Hello_World/uBlaze_N4/uBlaze_N4.sdk/uBlaze_wrapper.hdf into \uBlaze_wrapper_hw_platform_0\system.hdf.
20:30:58 INFO  : Synchronizing projects in the workspace with the hardware platform specification changes.
20:31:01 INFO  : 
20:31:02 INFO  : Updating hardware inferred compiler options for Hello_World.
20:32:09 INFO  : Registering command handlers for SDK TCF services
20:32:10 INFO  : Launching XSCT server: xsct.bat -interactive C:\Users\Jerome\Desktop\Programming_Learning\FPGA\SoC\Projects\uBlaze_N4\Hello_World\uBlaze_N4\uBlaze_N4.sdk\temp_xsdb_launch_script.tcl
20:32:13 INFO  : XSCT server has started successfully.
20:32:13 INFO  : Processing command line option -hwspec C:/Users/Jerome/Desktop/Programming_Learning/FPGA/SoC/Projects/uBlaze_N4/Hello_World/uBlaze_N4/uBlaze_N4.sdk/uBlaze_wrapper.hdf.
20:32:13 INFO  : Successfully done setting XSCT server connection channel  
20:32:13 INFO  : Successfully done setting SDK workspace  
20:32:13 INFO  : Checking for hwspec changes in the project uBlaze_wrapper_hw_platform_0.
20:37:49 INFO  : Registering command handlers for SDK TCF services
20:37:50 INFO  : Launching XSCT server: xsct.bat -interactive C:\Users\Jerome\Desktop\Programming_Learning\FPGA\SoC\Projects\uBlaze_N4\Hello_World\uBlaze_N4\uBlaze_N4.sdk\temp_xsdb_launch_script.tcl
20:37:52 INFO  : XSCT server has started successfully.
20:37:52 INFO  : Successfully done setting XSCT server connection channel  
20:37:52 INFO  : Successfully done setting SDK workspace  
20:38:22 INFO  : Connected to target on host '127.0.0.1' and port '3121'.
20:38:23 INFO  : 'targets -set -filter {jtag_cable_name =~ "Digilent Nexys4DDR 210292742297A" && level==0} -index 0' command is executed.
20:38:26 INFO  : FPGA configured successfully with bitstream "C:/Users/Jerome/Desktop/Programming_Learning/FPGA/SoC/Projects/uBlaze_N4/Hello_World/uBlaze_N4/uBlaze_N4.sdk/uBlaze_wrapper_hw_platform_0/download.bit"
20:38:37 INFO  : 'targets -set -filter {jtag_cable_name =~ "Digilent Nexys4DDR 210292742297A" && level==0} -index 0' command is executed.
20:38:37 INFO  : 'fpga -state' command is executed.
20:38:37 INFO  : Connected to target on host '127.0.0.1' and port '3121'.
20:38:37 INFO  : Jtag cable 'Digilent Nexys4DDR 210292742297A' is selected.
20:38:37 INFO  : 'jtag frequency' command is executed.
20:38:37 INFO  : 'configparams mdm-detect-bscan-mask 2' command is executed.
20:38:37 INFO  : Context for processor 'microblaze_0' is selected.
20:38:37 ERROR : Cannot stop MicroBlaze. MicroBlaze is held in reset
20:38:37 INFO  : ----------------XSDB Script----------------
connect -url tcp:127.0.0.1:3121
configparams mdm-detect-bscan-mask 2
targets -set -nocase -filter {name =~ "microblaze*#0" && bscan=="USER2"  && jtag_cable_name =~ "Digilent Nexys4DDR 210292742297A"} -index 0
rst -processor
----------------End of Script----------------

20:46:25 INFO  : SDK has detected change in the last modified timestamps for source hardware specification file Source:1539459959585,  Project:1539459028798
20:46:25 INFO  : Project uBlaze_wrapper_hw_platform_0's source hardware specification located at C:/Users/Jerome/Desktop/Programming_Learning/FPGA/SoC/Projects/uBlaze_N4/Hello_World/uBlaze_N4/uBlaze_N4.sdk/uBlaze_wrapper.hdf is now different from the local copy.
		 The local copy will be replaced with the source specification and your workspace will be updated.
20:46:29 INFO  : Copied contents of C:/Users/Jerome/Desktop/Programming_Learning/FPGA/SoC/Projects/uBlaze_N4/Hello_World/uBlaze_N4/uBlaze_N4.sdk/uBlaze_wrapper.hdf into \uBlaze_wrapper_hw_platform_0\system.hdf.
20:46:29 INFO  : Synchronizing projects in the workspace with the hardware platform specification changes.
20:46:31 INFO  : 
20:46:32 INFO  : Updating hardware inferred compiler options for Hello_World.
20:46:32 INFO  : Clearing existing target manager status.
20:46:54 INFO  : Connected to target on host '127.0.0.1' and port '3121'.
20:46:54 INFO  : 'targets -set -filter {jtag_cable_name =~ "Digilent Nexys4DDR 210292742297A" && level==0} -index 0' command is executed.
20:46:56 INFO  : FPGA configured successfully with bitstream "C:/Users/Jerome/Desktop/Programming_Learning/FPGA/SoC/Projects/uBlaze_N4/Hello_World/uBlaze_N4/uBlaze_N4.sdk/uBlaze_wrapper_hw_platform_0/download.bit"
20:47:03 INFO  : 'targets -set -filter {jtag_cable_name =~ "Digilent Nexys4DDR 210292742297A" && level==0} -index 0' command is executed.
20:47:03 INFO  : 'fpga -state' command is executed.
20:47:03 INFO  : Connected to target on host '127.0.0.1' and port '3121'.
20:47:03 INFO  : Jtag cable 'Digilent Nexys4DDR 210292742297A' is selected.
20:47:03 INFO  : 'jtag frequency' command is executed.
20:47:03 INFO  : 'configparams mdm-detect-bscan-mask 2' command is executed.
20:47:03 INFO  : Context for processor 'microblaze_0' is selected.
20:47:03 INFO  : Processor reset is completed for 'microblaze_0'.
20:47:03 INFO  : Context for processor 'microblaze_0' is selected.
20:47:03 INFO  : The application 'C:/Users/Jerome/Desktop/Programming_Learning/FPGA/SoC/Projects/uBlaze_N4/Hello_World/uBlaze_N4/uBlaze_N4.sdk/Hello_World/Debug/Hello_World.elf' is downloaded to processor 'microblaze_0'.
20:47:03 INFO  : ----------------XSDB Script----------------
connect -url tcp:127.0.0.1:3121
configparams mdm-detect-bscan-mask 2
targets -set -nocase -filter {name =~ "microblaze*#0" && bscan=="USER2"  && jtag_cable_name =~ "Digilent Nexys4DDR 210292742297A"} -index 0
rst -processor
targets -set -nocase -filter {name =~ "microblaze*#0" && bscan=="USER2"  && jtag_cable_name =~ "Digilent Nexys4DDR 210292742297A"} -index 0
dow C:/Users/Jerome/Desktop/Programming_Learning/FPGA/SoC/Projects/uBlaze_N4/Hello_World/uBlaze_N4/uBlaze_N4.sdk/Hello_World/Debug/Hello_World.elf
----------------End of Script----------------

20:47:03 INFO  : Context for processor 'microblaze_0' is selected.
20:47:03 INFO  : 'con' command is executed.
20:47:03 INFO  : ----------------XSDB Script (After Launch)----------------
targets -set -nocase -filter {name =~ "microblaze*#0" && bscan=="USER2"  && jtag_cable_name =~ "Digilent Nexys4DDR 210292742297A"} -index 0
con
----------------End of Script----------------

20:47:03 INFO  : Disconnected from the channel tcfchan#1.
